{"level":"info","message":"Server running on 5000","timestamp":"2025-06-27T11:51:22.254Z"}
{"level":"info","message":"\u001b[0mPOST /api/auth/register \u001b[32m201\u001b[0m 710.621 ms - 264\u001b[0m","timestamp":"2025-06-27T11:56:21.102Z"}
{"level":"info","message":"\u001b[0mPOST /api/auth/register \u001b[33m400\u001b[0m 708.386 ms - 436\u001b[0m","timestamp":"2025-06-27T11:57:07.138Z"}
{"level":"info","message":"\u001b[0mPOST /api/auth/register \u001b[33m400\u001b[0m 2080.017 ms - 433\u001b[0m","timestamp":"2025-06-27T11:59:22.650Z"}
{"level":"info","message":"\u001b[0mPOST /api/auth/register \u001b[33m400\u001b[0m 1010.184 ms - 436\u001b[0m","timestamp":"2025-06-27T11:59:58.470Z"}
{"level":"info","message":"\u001b[0mPOST /api/auth/register \u001b[32m201\u001b[0m 277.246 ms - 266\u001b[0m","timestamp":"2025-06-27T12:00:22.790Z"}
{"level":"info","message":"\u001b[0mPOST /api/auth/login \u001b[32m200\u001b[0m 1388.883 ms - 469\u001b[0m","timestamp":"2025-06-27T12:01:24.186Z"}
{"level":"info","message":"Server running on 5000","timestamp":"2025-06-27T12:06:50.707Z"}
{"level":"info","message":"Server running on 5000","timestamp":"2025-06-27T12:49:55.504Z"}
{"level":"info","message":"Server running on 5000","timestamp":"2025-06-27T12:50:46.914Z"}
{"level":"info","message":"Server running on 5000","timestamp":"2025-06-27T12:51:20.506Z"}
{"level":"info","message":"Server running on 5000","timestamp":"2025-06-27T12:52:31.096Z"}
{"level":"info","message":"Server running on 5000","timestamp":"2025-06-27T12:56:20.188Z"}
{"level":"info","message":"\u001b[0mGET /api/auth/me \u001b[33m401\u001b[0m 52.341 ms - 47\u001b[0m","timestamp":"2025-06-27T12:57:07.419Z"}
{"level":"info","message":"\u001b[0mPOST /api/auth/logout \u001b[33m401\u001b[0m 1.993 ms - 47\u001b[0m","timestamp":"2025-06-27T12:57:23.604Z"}
{"level":"info","message":"\u001b[0mPOST /api/auth/login \u001b[32m200\u001b[0m 7541.180 ms - 469\u001b[0m","timestamp":"2025-06-27T12:59:58.110Z"}
{"level":"info","message":"\u001b[0mPOST /api/auth/logout \u001b[33m401\u001b[0m 2.754 ms - 47\u001b[0m","timestamp":"2025-06-27T12:59:58.241Z"}
{"level":"info","message":"\u001b[0mPOST /api/auth/login \u001b[32m200\u001b[0m 13756.427 ms - 469\u001b[0m","timestamp":"2025-06-27T12:59:58.515Z"}
{"level":"info","message":"\u001b[0mPOST /api/auth/logout \u001b[33m401\u001b[0m 5.079 ms - 54\u001b[0m","timestamp":"2025-06-27T13:00:46.137Z"}
{"level":"error","message":"ReferenceError: tokenBlacklist is not defined\n    at logout (C:\\My Project\\backend-rfid\\src\\controllers\\authController.js:30:7)\n    at Layer.handleRequest (C:\\My Project\\backend-rfid\\node_modules\\router\\lib\\layer.js:152:17)\n    at next (C:\\My Project\\backend-rfid\\node_modules\\router\\lib\\route.js:157:13)\n    at auth (C:\\My Project\\backend-rfid\\src\\middleware\\auth.js:16:5)\n    at Layer.handleRequest (C:\\My Project\\backend-rfid\\node_modules\\router\\lib\\layer.js:152:17)\n    at next (C:\\My Project\\backend-rfid\\node_modules\\router\\lib\\route.js:157:13)\n    at Route.dispatch (C:\\My Project\\backend-rfid\\node_modules\\router\\lib\\route.js:117:3)\n    at handle (C:\\My Project\\backend-rfid\\node_modules\\router\\index.js:435:11)\n    at Layer.handleRequest (C:\\My Project\\backend-rfid\\node_modules\\router\\lib\\layer.js:152:17)\n    at C:\\My Project\\backend-rfid\\node_modules\\router\\index.js:295:15","timestamp":"2025-06-27T13:04:21.049Z"}
{"level":"info","message":"\u001b[0mPOST /api/auth/logout \u001b[31m500\u001b[0m 20.172 ms - 51\u001b[0m","timestamp":"2025-06-27T13:04:21.064Z"}
{"level":"error","message":"ReferenceError: tokenBlacklist is not defined\n    at logout (C:\\My Project\\backend-rfid\\src\\controllers\\authController.js:30:7)\n    at Layer.handleRequest (C:\\My Project\\backend-rfid\\node_modules\\router\\lib\\layer.js:152:17)\n    at next (C:\\My Project\\backend-rfid\\node_modules\\router\\lib\\route.js:157:13)\n    at auth (C:\\My Project\\backend-rfid\\src\\middleware\\auth.js:16:5)\n    at Layer.handleRequest (C:\\My Project\\backend-rfid\\node_modules\\router\\lib\\layer.js:152:17)\n    at next (C:\\My Project\\backend-rfid\\node_modules\\router\\lib\\route.js:157:13)\n    at Route.dispatch (C:\\My Project\\backend-rfid\\node_modules\\router\\lib\\route.js:117:3)\n    at handle (C:\\My Project\\backend-rfid\\node_modules\\router\\index.js:435:11)\n    at Layer.handleRequest (C:\\My Project\\backend-rfid\\node_modules\\router\\lib\\layer.js:152:17)\n    at C:\\My Project\\backend-rfid\\node_modules\\router\\index.js:295:15","timestamp":"2025-06-27T13:06:07.023Z"}
{"level":"info","message":"\u001b[0mPOST /api/auth/logout \u001b[31m500\u001b[0m 377.091 ms - 51\u001b[0m","timestamp":"2025-06-27T13:06:07.396Z"}
{"level":"info","message":"Server running on 5000","timestamp":"2025-06-27T13:06:43.043Z"}
{"level":"info","message":"\u001b[0mPOST /api/auth/logout \u001b[32m200\u001b[0m 71.226 ms - 46\u001b[0m","timestamp":"2025-06-27T13:06:46.432Z"}
{"level":"info","message":"\u001b[0mGET /api/auth/me \u001b[33m401\u001b[0m 5.362 ms - 52\u001b[0m","timestamp":"2025-06-27T13:07:09.786Z"}
{"level":"info","message":"\u001b[0mPOST /api/auth/login \u001b[32m200\u001b[0m 322.123 ms - 469\u001b[0m","timestamp":"2025-06-27T13:07:21.390Z"}
{"level":"info","message":"\u001b[0mGET /api/auth/me \u001b[32m200\u001b[0m 9.014 ms - 107\u001b[0m","timestamp":"2025-06-27T13:07:41.667Z"}
{"level":"info","message":"\u001b[0mPOST /api/auth/logout \u001b[32m200\u001b[0m 6.690 ms - 46\u001b[0m","timestamp":"2025-06-27T13:08:07.483Z"}
{"level":"info","message":"Server running on 5000","timestamp":"2025-06-27T13:22:56.123Z"}
{"level":"info","message":"Server running on 5000","timestamp":"2025-06-27T13:23:27.076Z"}
{"level":"info","message":"Server running on 5000","timestamp":"2025-06-27T13:26:09.952Z"}
{"level":"info","message":"Server running on 5000","timestamp":"2025-06-27T13:27:02.614Z"}
{"level":"info","message":"Server running on 5000","timestamp":"2025-06-27T13:35:23.402Z"}
{"level":"info","message":"\u001b[0mGET /api/users \u001b[33m401\u001b[0m 26.373 ms - 47\u001b[0m","timestamp":"2025-06-27T13:35:44.914Z"}
{"level":"info","message":"\u001b[0mPOST /api/auth/login \u001b[32m200\u001b[0m 554.380 ms - 469\u001b[0m","timestamp":"2025-06-27T13:36:00.726Z"}
{"level":"info","message":"\u001b[0mPOST /api/auth/login \u001b[32m200\u001b[0m 723.284 ms - 469\u001b[0m","timestamp":"2025-06-27T13:36:00.961Z"}
{"level":"info","message":"\u001b[0mGET /api/users \u001b[32m200\u001b[0m 859.562 ms - 510\u001b[0m","timestamp":"2025-06-27T13:36:36.500Z"}
{"level":"error","message":"SyntaxError: Expected double-quoted property name in JSON at position 159 (line 7 column 1)\n    at JSON.parse (<anonymous>)\n    at parse (C:\\My Project\\backend-rfid\\node_modules\\body-parser\\lib\\types\\json.js:77:19)\n    at C:\\My Project\\backend-rfid\\node_modules\\body-parser\\lib\\read.js:123:18\n    at AsyncResource.runInAsyncScope (node:async_hooks:206:9)\n    at invokeCallback (C:\\My Project\\backend-rfid\\node_modules\\raw-body\\index.js:238:16)\n    at done (C:\\My Project\\backend-rfid\\node_modules\\raw-body\\index.js:227:7)\n    at IncomingMessage.onEnd (C:\\My Project\\backend-rfid\\node_modules\\raw-body\\index.js:287:7)\n    at IncomingMessage.emit (node:events:519:28)\n    at endReadableNT (node:internal/streams/readable:1696:12)\n    at process.processTicksAndRejections (node:internal/process/task_queues:82:21)","timestamp":"2025-06-27T13:38:51.514Z"}
{"level":"error","message":"SyntaxError: Expected double-quoted property name in JSON at position 159 (line 7 column 1)\n    at JSON.parse (<anonymous>)\n    at parse (C:\\My Project\\backend-rfid\\node_modules\\body-parser\\lib\\types\\json.js:77:19)\n    at C:\\My Project\\backend-rfid\\node_modules\\body-parser\\lib\\read.js:123:18\n    at AsyncResource.runInAsyncScope (node:async_hooks:206:9)\n    at invokeCallback (C:\\My Project\\backend-rfid\\node_modules\\raw-body\\index.js:238:16)\n    at done (C:\\My Project\\backend-rfid\\node_modules\\raw-body\\index.js:227:7)\n    at IncomingMessage.onEnd (C:\\My Project\\backend-rfid\\node_modules\\raw-body\\index.js:287:7)\n    at IncomingMessage.emit (node:events:519:28)\n    at endReadableNT (node:internal/streams/readable:1696:12)\n    at process.processTicksAndRejections (node:internal/process/task_queues:82:21)","timestamp":"2025-06-27T13:39:06.862Z"}
{"level":"error","message":"SyntaxError: Expected double-quoted property name in JSON at position 159 (line 7 column 1)\n    at JSON.parse (<anonymous>)\n    at parse (C:\\My Project\\backend-rfid\\node_modules\\body-parser\\lib\\types\\json.js:77:19)\n    at C:\\My Project\\backend-rfid\\node_modules\\body-parser\\lib\\read.js:123:18\n    at AsyncResource.runInAsyncScope (node:async_hooks:206:9)\n    at invokeCallback (C:\\My Project\\backend-rfid\\node_modules\\raw-body\\index.js:238:16)\n    at done (C:\\My Project\\backend-rfid\\node_modules\\raw-body\\index.js:227:7)\n    at IncomingMessage.onEnd (C:\\My Project\\backend-rfid\\node_modules\\raw-body\\index.js:287:7)\n    at IncomingMessage.emit (node:events:519:28)\n    at endReadableNT (node:internal/streams/readable:1696:12)\n    at process.processTicksAndRejections (node:internal/process/task_queues:82:21)","timestamp":"2025-06-27T13:41:02.425Z"}
{"level":"error","message":"SyntaxError: Expected ',' or '}' after property value in JSON at position 185 (line 8 column 5)\n    at JSON.parse (<anonymous>)\n    at parse (C:\\My Project\\backend-rfid\\node_modules\\body-parser\\lib\\types\\json.js:77:19)\n    at C:\\My Project\\backend-rfid\\node_modules\\body-parser\\lib\\read.js:123:18\n    at AsyncResource.runInAsyncScope (node:async_hooks:206:9)\n    at invokeCallback (C:\\My Project\\backend-rfid\\node_modules\\raw-body\\index.js:238:16)\n    at done (C:\\My Project\\backend-rfid\\node_modules\\raw-body\\index.js:227:7)\n    at IncomingMessage.onEnd (C:\\My Project\\backend-rfid\\node_modules\\raw-body\\index.js:287:7)\n    at IncomingMessage.emit (node:events:519:28)\n    at endReadableNT (node:internal/streams/readable:1696:12)\n    at process.processTicksAndRejections (node:internal/process/task_queues:82:21)","timestamp":"2025-06-27T13:42:47.295Z"}
{"level":"info","message":"\u001b[0mPOST /api/users \u001b[33m401\u001b[0m 11.278 ms - 47\u001b[0m","timestamp":"2025-06-27T13:42:59.044Z"}
{"level":"info","message":"\u001b[0mPOST /api/users \u001b[32m201\u001b[0m 1120.604 ms - 261\u001b[0m","timestamp":"2025-06-27T13:43:21.519Z"}
{"level":"error","message":"SyntaxError: Expected double-quoted property name in JSON at position 68 (line 4 column 1)\n    at JSON.parse (<anonymous>)\n    at parse (C:\\My Project\\backend-rfid\\node_modules\\body-parser\\lib\\types\\json.js:77:19)\n    at C:\\My Project\\backend-rfid\\node_modules\\body-parser\\lib\\read.js:123:18\n    at AsyncResource.runInAsyncScope (node:async_hooks:206:9)\n    at invokeCallback (C:\\My Project\\backend-rfid\\node_modules\\raw-body\\index.js:238:16)\n    at done (C:\\My Project\\backend-rfid\\node_modules\\raw-body\\index.js:227:7)\n    at IncomingMessage.onEnd (C:\\My Project\\backend-rfid\\node_modules\\raw-body\\index.js:287:7)\n    at IncomingMessage.emit (node:events:519:28)\n    at endReadableNT (node:internal/streams/readable:1696:12)\n    at process.processTicksAndRejections (node:internal/process/task_queues:82:21)","timestamp":"2025-06-27T13:45:03.484Z"}
{"level":"info","message":"\u001b[0mPUT /api/users/cmcev4h1y0000tjqkp6iv9oez \u001b[33m400\u001b[0m 18.416 ms - 50\u001b[0m","timestamp":"2025-06-27T13:45:59.006Z"}
{"level":"error","message":"SyntaxError: Expected double-quoted property name in JSON at position 68 (line 4 column 1)\n    at JSON.parse (<anonymous>)\n    at parse (C:\\My Project\\backend-rfid\\node_modules\\body-parser\\lib\\types\\json.js:77:19)\n    at C:\\My Project\\backend-rfid\\node_modules\\body-parser\\lib\\read.js:123:18\n    at AsyncResource.runInAsyncScope (node:async_hooks:206:9)\n    at invokeCallback (C:\\My Project\\backend-rfid\\node_modules\\raw-body\\index.js:238:16)\n    at done (C:\\My Project\\backend-rfid\\node_modules\\raw-body\\index.js:227:7)\n    at IncomingMessage.onEnd (C:\\My Project\\backend-rfid\\node_modules\\raw-body\\index.js:287:7)\n    at IncomingMessage.emit (node:events:519:28)\n    at endReadableNT (node:internal/streams/readable:1696:12)\n    at process.processTicksAndRejections (node:internal/process/task_queues:82:21)","timestamp":"2025-06-27T13:50:29.899Z"}
{"level":"info","message":"\u001b[0mPUT /api/users/cmcev4h1y0000tjqkp6iv9oez \u001b[32m200\u001b[0m 158.552 ms - 269\u001b[0m","timestamp":"2025-06-27T13:51:46.773Z"}
{"level":"info","message":"Server running on 5000","timestamp":"2025-06-27T13:57:39.457Z"}
{"level":"info","message":"Server running on 5000","timestamp":"2025-06-27T13:58:02.260Z"}
{"level":"info","message":"Server running on 5000","timestamp":"2025-06-27T14:00:03.923Z"}
{"level":"info","message":"Server running on 5000","timestamp":"2025-06-27T14:00:28.925Z"}
{"level":"info","message":"Server running on 5000","timestamp":"2025-06-27T15:58:33.606Z"}
{"level":"info","message":"\u001b[0mPOST /api/schedules \u001b[33m400\u001b[0m 460.528 ms - 750\u001b[0m","timestamp":"2025-06-27T15:58:43.512Z"}
{"level":"info","message":"\u001b[0mPOST /api/schedules \u001b[33m400\u001b[0m 202.024 ms - 811\u001b[0m","timestamp":"2025-06-27T16:00:55.413Z"}
{"level":"info","message":"\u001b[0mPOST /api/schedules \u001b[33m400\u001b[0m 118.140 ms - 893\u001b[0m","timestamp":"2025-06-27T16:01:56.190Z"}
{"level":"info","message":"\u001b[0mPOST /api/schedules \u001b[32m201\u001b[0m 130.808 ms - 383\u001b[0m","timestamp":"2025-06-27T16:02:32.955Z"}
{"level":"info","message":"Server running on 5000","timestamp":"2025-06-28T11:16:11.416Z"}
{"level":"info","message":"\u001b[0mGET /api/auth/me \u001b[32m200\u001b[0m 85.296 ms - 107\u001b[0m","timestamp":"2025-06-28T11:20:00.875Z"}
{"level":"info","message":"\u001b[0mGET /api/users \u001b[32m200\u001b[0m 572.532 ms - 756\u001b[0m","timestamp":"2025-06-28T11:20:27.475Z"}
{"level":"info","message":"\u001b[0mGET /api/users \u001b[32m200\u001b[0m 38.163 ms - 756\u001b[0m","timestamp":"2025-06-28T11:31:57.429Z"}
{"level":"info","message":"Server running on 5000","timestamp":"2025-06-28T13:18:16.919Z"}
{"level":"info","message":"Server running on 5000","timestamp":"2025-06-28T13:19:01.266Z"}
{"level":"info","message":"\u001b[0mPOST /api/auth/login \u001b[32m200\u001b[0m 930.493 ms - 469\u001b[0m","timestamp":"2025-06-29T02:29:20.221Z"}
{"level":"info","message":"\u001b[0mGET /api/auth/me \u001b[32m200\u001b[0m 25.068 ms - 107\u001b[0m","timestamp":"2025-06-29T02:33:52.988Z"}
{"level":"info","message":"\u001b[0mGET /api/users \u001b[32m200\u001b[0m 686.596 ms - 756\u001b[0m","timestamp":"2025-06-29T02:34:22.750Z"}
{"level":"info","message":"Server running on 5000","timestamp":"2025-06-29T03:10:25.437Z"}
{"level":"info","message":"Server running on 5000","timestamp":"2025-06-29T03:56:01.811Z"}
{"level":"info","message":"Server running on 5000","timestamp":"2025-06-29T08:21:03.764Z"}
{"level":"info","message":"\u001b[0mGET /api/auth/me \u001b[33m401\u001b[0m 115.565 ms - 54\u001b[0m","timestamp":"2025-06-29T08:21:10.276Z"}
